<?xml version="1.0" encoding="UTF-8"?>
<!-- Generated by org.testng.reporters.JUnitXMLReporter -->
<testsuite ignored="0" hostname="soumik" failures="0" tests="3" name="Test" time="54.909" errors="0" timestamp="04 Sep 2023 18:33:42 GMT">
  <testcase classname="TestSuites.TestCases" name="hospitalNames" time="12.294"/>
  <testcase classname="TestSuites.TestCases" name="TopCities" time="11.299"/>
  <testcase classname="TestSuites.TestCases" name="CaptureAlert" time="27.993"/>
</testsuite> <!-- Test -->
