<?xml version="1.0" encoding="UTF-8"?>
<testng-results ignored="0" total="3" passed="3" failed="0" skipped="0">
  <reporter-output>
  </reporter-output>
  <suite started-at="2023-09-04T18:32:47Z" name="Suite" finished-at="2023-09-04T18:33:42Z" duration-ms="54909">
    <groups>
    </groups>
    <test started-at="2023-09-04T18:32:47Z" name="Test" finished-at="2023-09-04T18:33:42Z" duration-ms="54909">
      <class name="TestSuites.TestCases">
        <test-method is-config="true" signature="invokeBrowser()[pri:0, instance:TestSuites.TestCases@7fc4780b]" started-at="2023-09-04T18:32:47Z" name="invokeBrowser" finished-at="2023-09-04T18:32:49Z" duration-ms="1936" status="PASS">
          <reporter-output>
          </reporter-output>
        </test-method> <!-- invokeBrowser -->
        <test-method signature="hospitalNames()[pri:1, instance:TestSuites.TestCases@7fc4780b]" started-at="2023-09-04T18:32:49Z" name="hospitalNames" finished-at="2023-09-04T18:33:02Z" duration-ms="12294" status="PASS">
          <reporter-output>
          </reporter-output>
        </test-method> <!-- hospitalNames -->
        <test-method signature="TopCities()[pri:2, instance:TestSuites.TestCases@7fc4780b]" started-at="2023-09-04T18:33:02Z" name="TopCities" finished-at="2023-09-04T18:33:13Z" duration-ms="11299" status="PASS">
          <reporter-output>
          </reporter-output>
        </test-method> <!-- TopCities -->
        <test-method signature="CaptureAlert()[pri:3, instance:TestSuites.TestCases@7fc4780b]" started-at="2023-09-04T18:33:13Z" name="CaptureAlert" finished-at="2023-09-04T18:33:41Z" duration-ms="27993" status="PASS">
          <reporter-output>
          </reporter-output>
        </test-method> <!-- CaptureAlert -->
        <test-method is-config="true" signature="closeBrowser()[pri:0, instance:TestSuites.TestCases@7fc4780b]" started-at="2023-09-04T18:33:41Z" name="closeBrowser" finished-at="2023-09-04T18:33:42Z" duration-ms="1349" status="PASS">
          <reporter-output>
          </reporter-output>
        </test-method> <!-- closeBrowser -->
      </class> <!-- TestSuites.TestCases -->
    </test> <!-- Test -->
  </suite> <!-- Suite -->
</testng-results>
